Flutter crash report.
Please report a bug at https://github.com/flutter/flutter/issues.

## command

flutter --quiet assemble --no-version-check --depfile C:\projs\poc\build\app\intermediates\flutter\debug/flutter_build.d --output C:\projs\poc\build\app\intermediates\flutter\debug -dTargetFile=C:\projs\poc\lib\main.dart -dTargetPlatform=android -dBuildMode=debug -dTrackWidgetCreation=true --DartDefines=Zmx1dHRlci5pbnNwZWN0b3Iuc3RydWN0dXJlZEVycm9ycz10cnVl,RkxVVFRFUl9XRUJfQVVUT19ERVRFQ1Q9dHJ1ZQ==,RkxVVFRFUl9XRUJfQ0FOVkFTS0lUX1VSTD1odHRwczovL3d3dy5nc3RhdGljLmNvbS9mbHV0dGVyLWNhbnZhc2tpdC80NWY2ZTAwOTExMGRmNGYzNGVjMmNmOTlmNjNjZjczYjcxYjdhNDIwLw== debug_android_application

## exception

UnsupportedError: Unsupported operation: Illegal character in path: *

```
#0      _Uri._checkWindowsPathReservedCharacters (dart:core/uri.dart:1844:11)
#1      _Uri._toWindowsFilePath (dart:core/uri.dart:2885:7)
#2      _Uri.toFilePath (dart:core/uri.dart:2857:38)
#3      ManifestAssetBundle._parseAssetsFromFolder (package:flutter_tools/src/asset.dart:884:29)
#4      ManifestAssetBundle._parseAssets (package:flutter_tools/src/asset.dart:799:9)
#5      ManifestAssetBundle.build (package:flutter_tools/src/asset.dart:261:54)
<asynchronous suspension>
#6      copyAssets (package:flutter_tools/src/build_system/targets/assets.dart:56:26)
<asynchronous suspension>
#7      AndroidAssetBundle.build (package:flutter_tools/src/build_system/targets/android.dart:65:34)
<asynchronous suspension>
#8      _BuildInstance._invokeInternal (package:flutter_tools/src/build_system/build_system.dart:847:9)
<asynchronous suspension>
#9      FlutterBuildSystem.build (package:flutter_tools/src/build_system/build_system.dart:614:16)
<asynchronous suspension>
#10     AssembleCommand.runCommand (package:flutter_tools/src/commands/assemble.dart:315:32)
<asynchronous suspension>
#11     FlutterCommand.run.<anonymous closure> (package:flutter_tools/src/runner/flutter_command.dart:1336:27)
<asynchronous suspension>
#12     AppContext.run.<anonymous closure> (package:flutter_tools/src/base/context.dart:150:19)
<asynchronous suspension>
#13     CommandRunner.runCommand (package:args/command_runner.dart:212:13)
<asynchronous suspension>
#14     FlutterCommandRunner.runCommand.<anonymous closure> (package:flutter_tools/src/runner/flutter_command_runner.dart:296:9)
<asynchronous suspension>
#15     AppContext.run.<anonymous closure> (package:flutter_tools/src/base/context.dart:150:19)
<asynchronous suspension>
#16     FlutterCommandRunner.runCommand (package:flutter_tools/src/runner/flutter_command_runner.dart:244:5)
<asynchronous suspension>
#17     run.<anonymous closure>.<anonymous closure> (package:flutter_tools/runner.dart:91:9)
<asynchronous suspension>
#18     AppContext.run.<anonymous closure> (package:flutter_tools/src/base/context.dart:150:19)
<asynchronous suspension>
#19     main (package:flutter_tools/executable.dart:91:3)
<asynchronous suspension>
```

## flutter doctor

```
[✓] Flutter (Channel stable, 3.10.5, on Microsoft Windows [versÆo 10.0.22621.2361], locale pt-BR)
    • Flutter version 3.10.5 on channel stable at C:\flutter
    • Upstream repository https://github.com/flutter/flutter.git
    • Framework revision 796c8ef792 (4 months ago), 2023-06-13 15:51:02 -0700
    • Engine revision 45f6e00911
    • Dart version 3.0.5
    • DevTools version 2.23.1

[✓] Windows Version (Installed version of Windows is version 10 or higher)

[✓] Android toolchain - develop for Android devices (Android SDK version 34.0.0)
    • Android SDK at C:\android-sdk
    • Platform android-34, build-tools 34.0.0
    • Java binary at: C:\Program Files\Android\Android Studio\jbr\bin\java
    • Java version OpenJDK Runtime Environment (build 17.0.6+0-b2043.56-9586694)
    • All Android licenses accepted.

[✓] Chrome - develop for the web
    • Chrome at C:\Program Files\Google\Chrome\Application\chrome.exe

[!] Visual Studio - develop for Windows (Visual Studio Community 2022 17.7.4)
    • Visual Studio at C:\Program Files\Microsoft Visual Studio\2022\Community
    • Visual Studio Community 2022 version 17.7.34031.279
    ✗ Visual Studio is missing necessary components. Please re-run the Visual Studio installer for the "Desktop development with C++" workload, and include these components:
        MSVC v142 - VS 2019 C++ x64/x86 build tools
         - If there are multiple build tool versions available, install the latest
        C++ CMake tools for Windows
        Windows 10 SDK

[✓] Android Studio (version 2022.2)
    • Android Studio at C:\Program Files\Android\Android Studio
    • Flutter plugin can be installed from:
      🔨 https://plugins.jetbrains.com/plugin/9212-flutter
    • Dart plugin can be installed from:
      🔨 https://plugins.jetbrains.com/plugin/6351-dart
    • Java version OpenJDK Runtime Environment (build 17.0.6+0-b2043.56-9586694)

[✓] VS Code (version 1.83.0)
    • VS Code at C:\Users\Lázaro\AppData\Local\Programs\Microsoft VS Code
    • Flutter extension version 3.64.0

[✓] Connected device (4 available)
    • SM G781B (mobile) • RQCW301WB2T • android-arm64  • Android 13 (API 33)
    • Windows (desktop) • windows     • windows-x64    • Microsoft Windows [versÆo 10.0.22621.2361]
    • Chrome (web)      • chrome      • web-javascript • Google Chrome 117.0.5938.134
    • Edge (web)        • edge        • web-javascript • Microsoft Edge 117.0.2045.47

[✓] Network resources
    • All expected network resources are available.

! Doctor found issues in 1 category.
```
